Using pre-set license

 COMMAND LINE ARGUMENTS:
/Users/braydon/2020.2.2f1/Unity.app/Contents/MacOS/Unity
-adb2
-batchMode
-noUpm
-name
AssetImportWorker0
-projectPath
/Users/braydon/Desktop/IS/IslandSurvival
-logFile
Logs/AssetImportWorker0.log
-srvPort
54390
Successfully changed project path to: /Users/braydon/Desktop/IS/IslandSurvival
/Users/braydon/Desktop/IS/IslandSurvival
Using Asset Import Pipeline V2.
Refreshing native plugins compatible for Editor in 24.99 ms, found 1 plugins.
Preloading 0 native plugins for Editor in 0.00 ms.
Initialize engine version: 2020.2.2f1 (068178b99f32)
[Subsystems] Discovering subsystems at path /Users/braydon/2020.2.2f1/Unity.app/Contents/Resources/UnitySubsystems
[Subsystems] Discovering subsystems at path /Users/braydon/Desktop/IS/IslandSurvival/Assets
GfxDevice: creating device client; threaded=0
2021-02-14 21:49:02.048 Unity[32601:3531319] Color LCD preferred device: AMD Radeon Pro 555X (high power)
2021-02-14 21:49:02.048 Unity[32601:3531319] Metal devices available: 2
2021-02-14 21:49:02.048 Unity[32601:3531319] 0: AMD Radeon Pro 555X (high power)
2021-02-14 21:49:02.048 Unity[32601:3531319] 1: Intel(R) UHD Graphics 630 (low power)
2021-02-14 21:49:02.048 Unity[32601:3531319] Using device AMD Radeon Pro 555X (high power)
Initializing Metal device caps: AMD Radeon Pro 555X
Initialize mono
Mono path[0] = '/Users/braydon/2020.2.2f1/Unity.app/Contents/Managed'
Mono path[1] = '/Users/braydon/2020.2.2f1/Unity.app/Contents/MonoBleedingEdge/lib/mono/unityjit'
Mono config path = '/Users/braydon/2020.2.2f1/Unity.app/Contents/MonoBleedingEdge/etc'
Using monoOptions --debugger-agent=transport=dt_socket,embedding=1,server=y,suspend=n,address=127.0.0.1:56601
Begin MonoManager ReloadAssembly
Registering precompiled unity dll's ...
Register platform support module: /Users/braydon/2020.2.2f1/Unity.app/Contents/PlaybackEngines/MacStandaloneSupport/UnityEditor.OSXStandalone.Extensions.dll
Register platform support module: /Users/braydon/2020.2.2f1/PlaybackEngines/WindowsStandaloneSupport/UnityEditor.WindowsStandalone.Extensions.dll
Registered in 0.004135 seconds.
Native extension for WindowsStandalone target not found
Native extension for OSXStandalone target not found
Refreshing native plugins compatible for Editor in 20.03 ms, found 1 plugins.
Preloading 0 native plugins for Editor in 0.00 ms.
Invoked RoslynAnalysisRunner static constructor.
RoslynAnalysisRunner will not be running.
RoslynAnalysisRunner has terminated.
Mono: successfully reloaded assembly
- Completed reload, in  1.619 seconds
Platform modules already initialized, skipping
Registering precompiled user dll's ...
Registered in 0.000275 seconds.
Begin MonoManager ReloadAssembly
Native extension for WindowsStandalone target not found
Native extension for OSXStandalone target not found
Refreshing native plugins compatible for Editor in 0.18 ms, found 1 plugins.
Preloading 0 native plugins for Editor in 0.00 ms.
Invoked RoslynAnalysisRunner static constructor.
RoslynAnalysisRunner will not be running.
RoslynAnalysisRunner has terminated.
Mono: successfully reloaded assembly
- Completed reload, in  0.844 seconds
Platform modules already initialized, skipping
========================================================================
Worker process is ready to serve import requests
Launching external process: /Users/braydon/2020.2.2f1/Unity.app/Contents/Tools/UnityShaderCompiler
Launched and connected shader compiler UnityShaderCompiler after 0.01 seconds
Refreshing native plugins compatible for Editor in 0.19 ms, found 1 plugins.
Preloading 0 native plugins for Editor in 0.00 ms.
Unloading 1099 Unused Serialized files (Serialized files now loaded: 0)
System memory in use before: 108.1 MB.
System memory in use after: 108.2 MB.

Unloading 10 unused Assets to reduce memory usage. Loaded Objects now: 1540.
Total: 2.398312 ms (FindLiveObjects: 0.200810 ms CreateObjectMapping: 0.055039 ms MarkObjects: 2.035211 ms  DeleteObjects: 0.105521 ms)

========================================================================
Received Import Request.
  path: Assets/Scenes
  artifactKey: Guid(fe6a907351f0443049ccae92b869b5b0) Importer(815301076,1909f56bfc062723c751e8b465ee728b)
Start importing Assets/Scenes using Guid(fe6a907351f0443049ccae92b869b5b0) Importer(815301076,1909f56bfc062723c751e8b465ee728b)  -> (artifact id: '43ba60d015c461f3df026319fa1f3aff') in 0.003439 seconds
  Import took 0.005561 seconds .

